 *******************************************************************************
 ** Site#: 29624 E-mail support:    MrMOPAC@ATT.net    Version 19.179W 64BITS **
 *******************************************************************************
 ** Cite this program as: MOPAC2016, Version: 19.179W, James J. P. Stewart,   **
 ** Stewart Computational Chemistry, web-site: HTTP://OpenMOPAC.net.          **
 *******************************************************************************
 **                                                                           **
 **                                MOPAC2016                                  **
 **                                                                           **
 *******************************************************************************

                              PM7 CALCULATION RESULTS

 *******************************************************************************
 *  CALCULATION DONE:                                Fri Jul 12 17:12:33 2019  *
 *  UHF        - UNRESTRICTED HARTREE-FOCK CALCULATION
 *
 *
 *
 *                 CHARGE ON SYSTEM = -1
 *
 *
 *
 *  IRC=N      - INTRINSIC REACTION COORDINATE  1 DEFINED
 *  RESTART    - CALCULATION RESTARTED
 *  T=         - A TIME OF 172800.0 SECONDS REQUESTED
 *  DUMP=N     - RESTART FILE WRITTEN EVERY  7200.000 SECONDS
 *  HTML       - WRITE HTML SCRIPT TO GENERATE ANIMATION USING JSMOL
 *             - TO DISPLAY IN PDB FORMAT, ADD "PDBOUT"
 *  X-PRIOR    - GEOMETRY CHANGES TAKE PRIORITY IN DRC
 *******************************************************************************
 charge=-1 IRC=1* UHF html restart x-priority=0.2
IRC for vibrational mode 1

   ATOM                 CHEMICAL                   X               Y               Z
  NUMBER                 SYMBOL               (ANGSTROMS)     (ANGSTROMS)     (ANGSTROMS)
 
     1       N(ATOM      1  N   GLY A   5)    1.41665468      5.24839860      0.60906940   
     2       C(ATOM      2  CW1 VAL A   1)    2.37138496      6.16849860      1.27079680   
     3       C(ATOM      3  CF1 VAL A   1)    1.85001929      4.93055850     -0.75675490   
     4       H(ATOM      4 1HW1 VAL A   1)    2.61722359      5.76073470      2.27401990   
     5       H(ATOM      5 2HW1 VAL A   1)    1.91319463      7.16776080      1.43309150   
     6       C(ATOM      6  CY1 VAL A   1)    3.60098609      6.24285950      0.34787000   
     7       C(ATOM      7  CC1 VAL A   1)    3.09073972      5.81038620     -1.03493710   
     8       H(ATOM      8  HF1 VAL A   1)    1.04056215      5.14222590     -1.50759850   
     9       C(ATOM      9  CC2 VAL A   1)    2.25279945      3.45771820     -0.93186950   
    10       H(ATOM     10 1HY1 VAL A   1)    4.39905662      5.56633170      0.70138350   
    11       H(ATOM     11 2HY1 VAL A   1)    4.03519829      7.25316290      0.32864140   
    12       H(ATOM     12 1HC1 VAL A   1)    3.85877513      5.26865170     -1.61329730   
    13       H(ATOM     13 2HC1 VAL A   1)    2.81321953      6.68464770     -1.64814410   
    14       O(ATOM     14  OY2 VAL A   1)    2.38504688      3.00807060     -2.05494640   
    15       N(ATOM     15  NC2 VAL A   1)    2.44154429      2.67891530      0.17803520   
    16       H(ATOM     16  HC2 VAL A   1)    2.41517891      3.05533590      1.12111540   
    17       C(ATOM     17  CA  TYR A   2)    2.89761171      1.29816760      0.00685550   
    18       H(ATOM     18  HA  TYR A   2)    2.24762282      0.80392990     -0.77620990   
    19       C(ATOM     19  CB  TYR A   2)    4.37360094      1.23396930     -0.45851470   
    20       C(ATOM     20  C   TYR A   2)    2.74726907      0.59510270      1.37288560   
    21       H(ATOM     21 1HB  TYR A   2)    4.45637479      1.72794390     -1.45251250   
    22       H(ATOM     22 2HB  TYR A   2)    5.01444699      1.82758860      0.21862460   
    23       C(ATOM     23  CG  TYR A   2)    4.80912378     -0.19330720     -0.53561490   
    24       O(ATOM     24  O   TYR A   2)    2.75042037      1.21520830      2.41844210   
    25       C(ATOM     25  CD1 TYR A   2)    5.74400142     -0.69419970      0.37620600   
    26       C(ATOM     26  CD2 TYR A   2)    4.21321560     -1.04982790     -1.46677110   
    27       H(ATOM     27  HD1 TYR A   2)    6.23680298     -0.01933460      1.07311110   
    28       C(ATOM     28  CE1 TYR A   2)    6.02245420     -2.05304270      0.42664220   
    29       C(ATOM     29  CE2 TYR A   2)    4.46513186     -2.41428690     -1.42393080   
    30       H(ATOM     30  HD2 TYR A   2)    3.52728578     -0.64924100     -2.21763260   
    31       H(ATOM     31  HE1 TYR A   2)    6.72363662     -2.46686790      1.14326690   
    32       C(ATOM     32  CZ  TYR A   2)    5.34292856     -2.91002350     -0.45075100   
    33       H(ATOM     33  HE2 TYR A   2)    3.99087907     -3.08948900     -2.13255500   
    34       O(ATOM     34  OH  TYR A   2)    5.59929901     -4.22420580     -0.31314060   
    35       H(ATOM     35  HH  TYR A   2)    4.84898235     -4.79234870     -0.67176830   
    36       N(ATOM     36  N   HIS A   3)    2.56323712     -0.76034280      1.30039350   
    37       H(ATOM     37  H   HIS A   3)    2.66911165     -1.25567360      0.41493410   
    38       C(ATOM     38  CA  HIS A   3)    2.33927845     -1.58653480      2.49205100   
    39       H(ATOM     39  HA  HIS A   3)    3.23887552     -1.50965550      3.16677150   
    40       C(ATOM     40  CB  HIS A   3)    1.08962772     -1.14129150      3.29373440   
    41       C(ATOM     41  C   HIS A   3)    2.20001925     -3.06790500      2.06055240   
    42       H(ATOM     42 1HB  HIS A   3)    1.01946956     -1.74538790      4.22495380   
    43       H(ATOM     43 2HB  HIS A   3)    1.23344581     -0.08832720      3.63366660   
    44       C(ATOM     44  CG  HIS A   3)   -0.15309854     -1.26241960      2.50430110   
    45       O(ATOM     45  O   HIS A   3)    2.79245300     -3.94392850      2.64445190   
    46       N(ATOM     46  ND1 HIS A   3)   -1.23665264     -2.02407260      2.90166790   
    47       C(ATOM     47  CD2 HIS A   3)   -0.39214646     -0.78130480      1.20577620   
    48       C(ATOM     48  CE1 HIS A   3)   -2.08480353     -2.04241690      1.84177390   
    49       N(ATOM     49  NE2 HIS A   3)   -1.59836586     -1.31563500      0.76643020   
    50       H(ATOM     50  HD2 HIS A   3)    0.20170991     -0.12671490      0.60161530   
    51       H(ATOM     51  HE1 HIS A   3)   -3.02218388     -2.56034320      1.83344800   
    52       N(ATOM     52  N   CYS A   4)    1.39174315     -3.31983160      0.94997220   
    53       H(ATOM     53  H   CYS A   4)    0.75136336     -2.58004940      0.64921740   
    54       C(ATOM     54  CA  CYS A   4)    1.06031431     -4.60765180      0.55325840   
    55       H(ATOM     55  HA  CYS A   4)    1.73253006     -5.41678850      0.81285660   
    56       C(ATOM     56  CB  CYS A   4)   -0.35141106     -4.87493210      0.19396060   
    57       C(ATOM     57  C   CYS A   4)    2.40291058     -4.97097761     -1.49074054   
    58       H(ATOM     58 1HB  CYS A   4)   -0.51976871     -5.95813150      0.03722500   
    59       H(ATOM     59 2HB  CYS A   4)   -1.02179113     -4.56313960      1.02423990   
    60       S(ATOM     60  SG  CYS A   4)   -0.92220220     -4.04505080     -1.35673530   
    61       O(ATOM     61  O   CYS A   4)    3.47345361     -5.47799200     -1.37780810   
    62       O(ATOM     62  OXT CYS A   4)    1.66472734     -4.76656740     -2.52126740   
    63       C(ATOM     63  C   GLY B   5)    0.09004160      5.29795940      1.01851710   
    64       C(ATOM     64  CA  GLY B   5)   -0.91927754      4.29889150      0.44679240   
    65       O(ATOM     65  O   GLY B   5)   -0.21309889      6.02307670      1.94440060   
    66       N(ATOM     66  N   CYS B   7)   -1.16548639      4.53418560     -0.96944380   
    67       H(ATOM     67 1HA  GLY B   5)   -1.86721337      4.38856750      1.03935860   
    68       H(ATOM     68 2HA  GLY B   5)   -0.53374817      3.26574160      0.63797870   
    69       H(ATOM     69  H   CYS B   7)   -1.52011379      5.45536270     -1.20828570   
    70       C(ATOM     70  C   CYS C   7)   -1.41393932      3.51428470     -1.88972910   
    71       C(ATOM     71  CA  CYS C   7)   -1.13103011      2.05346960     -1.50451330   
    72       O(ATOM     72  O   CYS C   7)   -1.74149286      3.84424520     -3.00867870   
    73       N(ATOM     73  N   HIS C   9)   -2.00896758      1.63361670     -0.40237590   
    74       H(ATOM     74  HA  CYS C   7)   -0.05906764      1.98118240     -1.15118390   
    75       C(ATOM     75  CB  CYS C   7)   -1.33308052      1.15372790     -2.73296610   
    76       H(ATOM     76  H   HIS C   9)   -1.69925618      0.78280890      0.07546720   
    77       H(ATOM     77 1HB  CYS C   7)   -2.39086622      1.11279750     -3.03269620   
    78       H(ATOM     78 2HB  CYS C   7)   -0.79614330      1.58802630     -3.60354680   
    79       S(ATOM     79  SG  CYS C   7)   -0.62655667     -0.53009140     -2.51526070   
    80       C(ATOM     80  C   HIS D   9)   -3.36913326      1.87471300     -0.48288340   
    81       C(ATOM     81  CA  HIS D   9)   -4.25657163      0.76707180      0.12788190   
    82       O(ATOM     82  O   HIS D   9)   -3.84197452      2.84165710     -1.03562590   
    83       N(ATOM     83  N   HET D   9)   -5.32876711      1.37448970      0.89011430   
    84       H(ATOM     84  HA  HIS D   9)   -3.64879462      0.07953360      0.78129410   
    85       C(ATOM     85  CB  HIS D   9)   -4.78938317     -0.01011160     -1.11153660   
    86       H(ATOM     86  H   HET D   9)   -5.76243755      2.19971030      0.48335470   
    87       H(ATOM     87 1HB  HIS D   9)   -5.78730613      0.39011700     -1.39726580   
    88       H(ATOM     88 2HB  HIS D   9)   -4.15096627      0.19714370     -2.00720620   
    89       C(ATOM     89  CG  HIS D   9)   -4.85453259     -1.46291110     -0.87289070   
    90       N(ATOM     90  ND1 HIS D   9)   -3.76236965     -2.31338350     -1.06445080   
    91       C(ATOM     91  CD2 HIS D   9)   -5.95719953     -2.22481680     -0.48633200   
    92       C(ATOM     92  CE1 HIS D   9)   -4.18743261     -3.57103990     -0.81296230   
    93       N(ATOM     93  NE2 HIS D   9)   -5.52769883     -3.55200950     -0.45158800   
    94       H(ATOM     94  HD2 HIS D   9)   -6.95589672     -1.92627400     -0.24825360   
    95       H(ATOM     95  HE1 HIS D   9)   -3.59593171     -4.48009670     -0.88930630   
    96       C(ATOM     96  C1  HET D   9)   -5.81089408      0.88201110      2.09242480   
    97       C(ATOM     97  C2  HET D   9)   -5.15096631     -0.30907420      2.71762270   
    98       H(ATOM     98 1H2  HET D   9)   -5.18091179     -1.19385220      2.06956390   
    99       H(ATOM     99 2H2  HET D   9)   -4.09410244     -0.11645030      2.97317610   
   100       H(ATOM    100 3H2  HET D   9)   -5.65574203     -0.57192450      3.66072780   
   101       O(ATOM    101  O   HET D   9)   -6.76205246      1.45295460      2.59231200   
   102      Zn(HETATM  102 ZN    ZN E  18)   -1.74729057     -1.85783760     -1.13857130   
   103       H(ATOM    103  HXT CYS A   4)    0.67870454     -4.35169620     -2.27628710   
   104       H(ATOM    104  HE2 HIS D   9)   -6.09203086     -4.33592810     -0.21684160   
 

 General Reference for PM7:
 "Optimization of Parameters for Semiempirical Methods VI: More Modifications to the 
 NDDO Approximations and Re-optimization of Parameters", J. J. P. Stewart, J. Mol. Mod., 1:32, 19 (2013)
 http://www.springerlink.com/openurl.asp?genre=article&id=doi:10.1007/s00894-012-1667-x

           Empirical Formula: C36 H44 N11 O10 S2 Zn  =   104 atoms



      MOLECULAR POINT GROUP   :   C1  


          UHF CALCULATION, NO. OF ALPHA ELECTRONS =  159
                           NO. OF BETA  ELECTRONS =  159

          MOLECULAR WEIGHT =  920.31


          TIME USED UP TO RESTART =                338.92

    FOR POINT-GROUP C1   THERE ARE   1 UNIQUE SYMMETRY FUNCTIONS.

           INITIAL VELOCITY IN DRC (Angstroms/Femtosecond)
        -0.00018        -0.00147        -0.00210
        -0.00007        -0.00126        -0.00156
         0.00007        -0.00160        -0.00066
         0.00015        -0.00023        -0.00232
        -0.00031        -0.00231        -0.00188
        -0.00000        -0.00093         0.00033
         0.00009        -0.00173         0.00193
        -0.00080        -0.00233        -0.00141
         0.00215         0.00386        -0.00112
        -0.00039         0.00053         0.00044
         0.00019        -0.00172         0.00038
         0.00015        -0.00025         0.00395
        -0.00031        -0.00392         0.00267
         0.02043         0.01676         0.00319
        -0.01070        -0.00098         0.00144
        -0.01601        -0.00583         0.00303
        -0.00570         0.00099        -0.00051
        -0.00546         0.00341        -0.00350
        -0.00104        -0.00161        -0.00002
        -0.00473         0.00074        -0.00043
         0.00166        -0.00090        -0.00055
        -0.00166        -0.00512         0.00027
        -0.00054        -0.00106        -0.00009
        -0.00128         0.00372        -0.00111
        -0.00144        -0.00160        -0.00056
         0.00009         0.00038         0.00079
        -0.00183        -0.00305        -0.00106
        -0.00184        -0.00019        -0.00018
         0.00012         0.00353         0.00106
         0.00058         0.00002         0.00115
        -0.00270        -0.00103        -0.00046
        -0.00125         0.00288         0.00046
         0.00183         0.00783         0.00288
        -0.00122         0.00554         0.00081
        -0.00413         0.02754         0.00064
        -0.00460        -0.00430        -0.00011
        -0.01478        -0.01199         0.00352
         0.00315        -0.00772         0.00268
         0.00642        -0.00673         0.00756
         0.00472        -0.00624         0.00730
         0.00624        -0.01518        -0.00333
         0.00557        -0.00823         0.00947
         0.00571        -0.00284         0.00694
         0.00553        -0.00722         0.00897
         0.01574         0.01018        -0.00544
         0.00264        -0.00342         0.00448
         0.00538        -0.00766         0.01009
         0.00120        -0.00128         0.00148
         0.00219        -0.00263         0.00343
         0.00641        -0.00909         0.01186
        -0.00058         0.00121        -0.00212
        -0.00654        -0.05370         0.00198
        -0.01205        -0.10009        -0.00298
        -0.00520        -0.07248         0.00572
        -0.01752         0.00938         0.01949
        -0.01025        -0.03936         0.01073
         0.00395         0.07348        -0.00928
        -0.01013        -0.03734         0.01045
        -0.03103        -0.03519         0.03354
         0.00833         0.00279        -0.00644
        -0.01282         0.06531        -0.01850
        -0.01748         0.01955        -0.00729
        -0.00009        -0.00066        -0.00035
        -0.00023        -0.00025         0.00018
        -0.00037        -0.00055         0.00025
         0.00003        -0.00012         0.00030
        -0.00033        -0.00015         0.00035
        -0.00046        -0.00025         0.00028
         0.00047         0.00008         0.00020
         0.00013         0.00009         0.00059
        -0.00024        -0.00022         0.00077
         0.00025         0.00034         0.00042
        -0.00023        -0.00031         0.00174
        -0.00035        -0.00085         0.00043
        -0.00025        -0.00030         0.00054
         0.00037        -0.00141         0.00217
        -0.00034        -0.00036         0.00039
        -0.00051        -0.00031         0.00078
         0.00025         0.00000         0.00046
        -0.00060        -0.00013         0.00152
        -0.00029         0.00003         0.00069
        -0.00118        -0.00003         0.00147
        -0.00083        -0.00009         0.00041
         0.00035         0.00009         0.00084
        -0.00018         0.00033        -0.00025
        -0.00106        -0.00037         0.00047
        -0.00079         0.00043        -0.00052
        -0.00001         0.00029        -0.00011
         0.00034         0.00060        -0.00067
         0.00067         0.00039        -0.00080
        -0.00012         0.00099        -0.00054
         0.00011         0.00084        -0.00052
        -0.00016         0.00110        -0.00044
        -0.00030         0.00114        -0.00041
        -0.00021         0.00132        -0.00012
        -0.00032         0.00000         0.00007
        -0.00003         0.00029         0.00003
         0.00015         0.00042        -0.00009
         0.00015         0.00021         0.00031
        -0.00003         0.00032        -0.00015
        -0.00024        -0.00013        -0.00013
         0.00059         0.00088        -0.00078
         0.01378        -0.01612        -0.01913
        -0.00068         0.00157        -0.00022

 GEOMETRY PRIORITY, STEP = 0.2000 ANGSTROMS



     POINT   POTENTIAL  +  ENERGY LOST   =   TOTAL      ERROR    REF%   MOVEMENT
       1    -436.69646      0.00000       -436.69646   0.00000     1   %  0.0000
       2    -436.63509      0.00000       -436.63509   0.06137     2   %  0.1839
      91    -436.65509      0.00000       -436.65509   0.04137     3   %  0.3812
     233    -436.67643      0.00000       -436.67643   0.02002     4   %  0.5755
     317    -436.71311      0.17505       -436.53806   0.13961     5   %  0.7728
     388    -436.75765      0.32478       -436.43287   0.24480     6   %  0.9704
     451    -436.80790      0.46033       -436.34757   0.33009     7   %  1.1679


 IRC CALCULATION COMPLETE 
           INITIAL VELOCITY IN DRC (Angstroms/Femtosecond)
         0.00018         0.00147         0.00210
         0.00007         0.00126         0.00156
        -0.00007         0.00160         0.00066
        -0.00015         0.00023         0.00232
         0.00031         0.00231         0.00188
         0.00000         0.00093        -0.00033
        -0.00009         0.00173        -0.00193
         0.00080         0.00233         0.00141
        -0.00215        -0.00386         0.00112
         0.00039        -0.00053        -0.00044
        -0.00019         0.00172        -0.00038
        -0.00015         0.00025        -0.00395
         0.00031         0.00392        -0.00267
        -0.02043        -0.01676        -0.00319
         0.01070         0.00098        -0.00144
         0.01601         0.00583        -0.00303
         0.00570        -0.00099         0.00051
         0.00546        -0.00341         0.00350
         0.00104         0.00161         0.00002
         0.00473        -0.00074         0.00043
        -0.00166         0.00090         0.00055
         0.00166         0.00512        -0.00027
         0.00054         0.00106         0.00009
         0.00128        -0.00372         0.00111
         0.00144         0.00160         0.00056
        -0.00009        -0.00038        -0.00079
         0.00183         0.00305         0.00106
         0.00184         0.00019         0.00018
        -0.00012        -0.00353        -0.00106
        -0.00058        -0.00002        -0.00115
         0.00270         0.00103         0.00046
         0.00125        -0.00288        -0.00046
        -0.00183        -0.00783        -0.00288
         0.00122        -0.00554        -0.00081
         0.00413        -0.02754        -0.00064
         0.00460         0.00430         0.00011
         0.01478         0.01199        -0.00352
        -0.00315         0.00772        -0.00268
        -0.00642         0.00673        -0.00756
        -0.00472         0.00624        -0.00730
        -0.00624         0.01518         0.00333
        -0.00557         0.00823        -0.00947
        -0.00571         0.00284        -0.00694
        -0.00553         0.00722        -0.00897
        -0.01574        -0.01018         0.00544
        -0.00264         0.00342        -0.00448
        -0.00538         0.00766        -0.01009
        -0.00120         0.00128        -0.00148
        -0.00219         0.00263        -0.00343
        -0.00641         0.00909        -0.01186
         0.00058        -0.00121         0.00212
         0.00654         0.05370        -0.00198
         0.01205         0.10009         0.00298
         0.00520         0.07248        -0.00572
         0.01752        -0.00938        -0.01949
         0.01025         0.03936        -0.01073
        -0.00395        -0.07348         0.00928
         0.01013         0.03734        -0.01045
         0.03103         0.03519        -0.03354
        -0.00833        -0.00279         0.00644
         0.01282        -0.06531         0.01850
         0.01748        -0.01955         0.00729
         0.00009         0.00066         0.00035
         0.00023         0.00025        -0.00018
         0.00037         0.00055        -0.00025
        -0.00003         0.00012        -0.00030
         0.00033         0.00015        -0.00035
         0.00046         0.00025        -0.00028
        -0.00047        -0.00008        -0.00020
        -0.00013        -0.00009        -0.00059
         0.00024         0.00022        -0.00077
        -0.00025        -0.00034        -0.00042
         0.00023         0.00031        -0.00174
         0.00035         0.00085        -0.00043
         0.00025         0.00030        -0.00054
        -0.00037         0.00141        -0.00217
         0.00034         0.00036        -0.00039
         0.00051         0.00031        -0.00078
        -0.00025        -0.00000        -0.00046
         0.00060         0.00013        -0.00152
         0.00029        -0.00003        -0.00069
         0.00118         0.00003        -0.00147
         0.00083         0.00009        -0.00041
        -0.00035        -0.00009        -0.00084
         0.00018        -0.00033         0.00025
         0.00106         0.00037        -0.00047
         0.00079        -0.00043         0.00052
         0.00001        -0.00029         0.00011
        -0.00034        -0.00060         0.00067
        -0.00067        -0.00039         0.00080
         0.00012        -0.00099         0.00054
        -0.00011        -0.00084         0.00052
         0.00016        -0.00110         0.00044
         0.00030        -0.00114         0.00041
         0.00021        -0.00132         0.00012
         0.00032        -0.00000        -0.00007
         0.00003        -0.00029        -0.00003
        -0.00015        -0.00042         0.00009
        -0.00015        -0.00021        -0.00031
         0.00003        -0.00032         0.00015
         0.00024         0.00013         0.00013
        -0.00059        -0.00088         0.00078
        -0.01378         0.01612         0.01913
         0.00068        -0.00157         0.00022

 GEOMETRY PRIORITY, STEP = 0.2000 ANGSTROMS



     POINT   POTENTIAL  +  ENERGY LOST   =   TOTAL      ERROR    REF%   MOVEMENT
       1    -436.69646      0.00000       -436.69646   0.00000     1   %  0.0000
       2    -436.70538      0.00000       -436.70538  -0.00893     2   %  0.1830
     126    -436.74163      0.00000       -436.74163  -0.04517     3   %  0.3601
     388    -436.81906      0.02816       -436.79090  -0.00032     4   %  0.5466
     428    -436.97753      0.20880       -436.76873   0.02185     5   %  0.7459
     463    -437.33104      0.48574       -436.84529  -0.05472     6   %  0.9406
     499    -437.82058      0.96774       -436.85285  -0.06227     7   %  1.1356
     549    -438.67045      1.80724       -436.86321  -0.07263     8   %  1.3286
     627    -440.23485      3.35555       -436.87930  -0.08872     9   %  1.5213
     994    -443.27360      6.35341       -436.92019  -0.12961    10   %  1.7115
    1117    -447.46786     10.79033       -436.67754   0.11304    11   %  1.9024
    1152    -450.97064     14.68364       -436.28700   0.50357    12   %  2.0949
    1176    -454.36713     18.08476       -436.28237   0.50821    13   %  2.2832
    1198    -457.37910     21.10122       -436.27788   0.51269    14   %  2.4688
    1221    -460.05642     23.78312       -436.27330   0.51728    15   %  2.6542
    1253    -462.53331     26.12431       -436.40899   0.38158    16   %  2.8388
    1279    -464.49567     28.09190       -436.40378   0.38680    17   %  3.0208
    1305    -466.06320     29.66447       -436.39873   0.39185    18   %  3.2010
    1328    -467.28048     30.88635       -436.39413   0.39645    19   %  3.3781
    1349    -468.21467     31.82452       -436.39015   0.40043    20   %  3.5503
    1366    -468.93079     32.54399       -436.38680   0.40378    21   %  3.7159
    1381    -469.47488     33.09081       -436.38407   0.40651    22   %  3.8719
    1396    -469.91907     33.54100       -436.37807   0.41251    23   %  4.0291
    1407    -470.26733     33.89135       -436.37598   0.41460    24   %  4.1791
    1417    -470.55100     34.17696       -436.37404   0.41654    25   %  4.3262
    1430    -470.78437     34.41312       -436.37126   0.41932    26   %  4.4695
    1442    -470.97514     34.60681       -436.36833   0.42224    27   %  4.6084
    1454    -471.13187     34.76785       -436.36402   0.42656    28   %  4.7427
    1468    -471.25842     34.90276       -436.35566   0.43492    29   %  4.8728
    1491    -471.38047     35.04454       -436.33592   0.45465    30   %  5.0191
    1508    -471.47644     35.16991       -436.30653   0.48405    31   %  5.1567
    1529    -471.55673     35.28636       -436.27037   0.52020    32   %  5.2946
    1551    -471.62577     35.37317       -436.25260   0.53798    33   %  5.4361
    1578    -471.68702     35.46257       -436.22445   0.56613    34   %  5.5690
    1609    -471.74705     35.58925       -436.15780   0.63278    35   %  5.7250
    1647    -471.79696     35.69556       -436.10140   0.68918    36   %  5.8680
    1682    -471.84359     35.79404       -436.04955   0.74103    37   %  6.0140
    1726    -471.88477     35.89186       -435.99290   0.79767    38   %  6.1543


 IRC CALCULATION COMPLETE 

 **********************
 *                    *
 * JOB ENDED NORMALLY *
 *                    *
 **********************



 TOTAL JOB TIME:           702.39 SECONDS

 == MOPAC DONE ==
